[0.061s] DEBUG:colcon:Command line arguments: ['/usr/bin/colcon', 'build', '--symlink-install']
[0.061s] DEBUG:colcon:Parsed command line arguments: Namespace(log_base=None, log_level=None, verb_name='build', build_base='build', install_base='install', merge_install=False, symlink_install=True, test_result_base=None, continue_on_error=False, executor='parallel', parallel_workers=4, event_handlers=None, ignore_user_meta=False, metas=['./colcon.meta'], base_paths=['.'], packages_ignore=None, packages_ignore_regex=None, paths=None, packages_up_to=None, packages_up_to_regex=None, packages_above=None, packages_above_and_dependencies=None, packages_above_depth=None, packages_select_by_dep=None, packages_skip_by_dep=None, packages_skip_up_to=None, packages_select_build_failed=False, packages_skip_build_finished=False, packages_select_test_failures=False, packages_skip_test_passed=False, packages_select=None, packages_skip=None, packages_select_regex=None, packages_skip_regex=None, packages_start=None, packages_end=None, allow_overriding=[], cmake_args=None, cmake_target=None, cmake_target_skip_unavailable=False, cmake_clean_cache=False, cmake_clean_first=False, cmake_force_configure=False, ament_cmake_args=None, catkin_cmake_args=None, catkin_skip_building_tests=False, verb_parser=<colcon_defaults.argument_parser.defaults.DefaultArgumentsDecorator object at 0xffffb57ad330>, verb_extension=<colcon_core.verb.build.BuildVerb object at 0xffffb59567d0>, main=<bound method BuildVerb.main of <colcon_core.verb.build.BuildVerb object at 0xffffb59567d0>>)
[0.142s] Level 1:colcon.colcon_core.package_discovery:discover_packages(colcon_meta) check parameters
[0.142s] Level 1:colcon.colcon_core.package_discovery:discover_packages(recursive) check parameters
[0.143s] Level 1:colcon.colcon_core.package_discovery:discover_packages(ignore) check parameters
[0.143s] Level 1:colcon.colcon_core.package_discovery:discover_packages(path) check parameters
[0.143s] Level 1:colcon.colcon_core.package_discovery:discover_packages(colcon_meta) discover
[0.143s] Level 1:colcon.colcon_core.package_discovery:discover_packages(recursive) discover
[0.143s] INFO:colcon.colcon_core.package_discovery:Crawling recursively for packages in '/home/subin/slam/EKF_SLAM'
[0.143s] Level 1:colcon.colcon_core.package_identification:_identify(.) by extensions ['ignore', 'ignore_ament_install']
[0.143s] Level 1:colcon.colcon_core.package_identification:_identify(.) by extension 'ignore'
[0.143s] Level 1:colcon.colcon_core.package_identification:_identify(.) by extension 'ignore_ament_install'
[0.143s] Level 1:colcon.colcon_core.package_identification:_identify(.) by extensions ['colcon_pkg']
[0.143s] Level 1:colcon.colcon_core.package_identification:_identify(.) by extension 'colcon_pkg'
[0.143s] Level 1:colcon.colcon_core.package_identification:_identify(.) by extensions ['colcon_meta']
[0.143s] Level 1:colcon.colcon_core.package_identification:_identify(.) by extension 'colcon_meta'
[0.143s] Level 1:colcon.colcon_core.package_identification:_identify(.) by extensions ['ros']
[0.143s] Level 1:colcon.colcon_core.package_identification:_identify(.) by extension 'ros'
[0.152s] DEBUG:colcon.colcon_core.package_identification:Package '.' with type 'ros.ament_cmake' and name 'ekf_slam'
[0.152s] Level 1:colcon.colcon_core.package_discovery:discover_packages(recursive) using defaults
[0.152s] Level 1:colcon.colcon_core.package_discovery:discover_packages(ignore) discover
[0.152s] Level 1:colcon.colcon_core.package_discovery:discover_packages(ignore) using defaults
[0.152s] Level 1:colcon.colcon_core.package_discovery:discover_packages(path) discover
[0.152s] Level 1:colcon.colcon_core.package_discovery:discover_packages(path) using defaults
[0.169s] Level 1:colcon.colcon_core.package_discovery:discover_packages(prefix_path) check parameters
[0.169s] Level 1:colcon.colcon_core.package_discovery:discover_packages(prefix_path) discover
[0.170s] DEBUG:colcon.colcon_installed_package_information.package_discovery:Found 1 installed packages in /home/subin/slam/install
[0.170s] DEBUG:colcon.colcon_installed_package_information.package_discovery:Found 2 installed packages in /home/subin/f1tenth_ws/install
[0.171s] DEBUG:colcon.colcon_installed_package_information.package_discovery:Found 308 installed packages in /opt/ros/humble
[0.172s] Level 1:colcon.colcon_core.package_discovery:discover_packages(prefix_path) using defaults
[0.195s] Level 5:colcon.colcon_core.verb:set package 'ekf_slam' build argument 'cmake_args' from command line to 'None'
[0.195s] Level 5:colcon.colcon_core.verb:set package 'ekf_slam' build argument 'cmake_target' from command line to 'None'
[0.195s] Level 5:colcon.colcon_core.verb:set package 'ekf_slam' build argument 'cmake_target_skip_unavailable' from command line to 'False'
[0.195s] Level 5:colcon.colcon_core.verb:set package 'ekf_slam' build argument 'cmake_clean_cache' from command line to 'False'
[0.195s] Level 5:colcon.colcon_core.verb:set package 'ekf_slam' build argument 'cmake_clean_first' from command line to 'False'
[0.195s] Level 5:colcon.colcon_core.verb:set package 'ekf_slam' build argument 'cmake_force_configure' from command line to 'False'
[0.195s] Level 5:colcon.colcon_core.verb:set package 'ekf_slam' build argument 'ament_cmake_args' from command line to 'None'
[0.195s] Level 5:colcon.colcon_core.verb:set package 'ekf_slam' build argument 'catkin_cmake_args' from command line to 'None'
[0.196s] Level 5:colcon.colcon_core.verb:set package 'ekf_slam' build argument 'catkin_skip_building_tests' from command line to 'False'
[0.196s] DEBUG:colcon.colcon_core.verb:Building package 'ekf_slam' with the following arguments: {'ament_cmake_args': None, 'build_base': '/home/subin/slam/EKF_SLAM/build/ekf_slam', 'catkin_cmake_args': None, 'catkin_skip_building_tests': False, 'cmake_args': None, 'cmake_clean_cache': False, 'cmake_clean_first': False, 'cmake_force_configure': False, 'cmake_target': None, 'cmake_target_skip_unavailable': False, 'install_base': '/home/subin/slam/EKF_SLAM/install/ekf_slam', 'merge_install': False, 'path': '/home/subin/slam/EKF_SLAM', 'symlink_install': True, 'test_result_base': None}
[0.196s] INFO:colcon.colcon_core.executor:Executing jobs using 'parallel' executor
[0.196s] DEBUG:colcon.colcon_parallel_executor.executor.parallel:run_until_complete
[0.196s] INFO:colcon.colcon_ros.task.ament_cmake.build:Building ROS package in '/home/subin/slam/EKF_SLAM' with build type 'ament_cmake'
[0.196s] INFO:colcon.colcon_cmake.task.cmake.build:Building CMake package in '/home/subin/slam/EKF_SLAM'
[0.197s] INFO:colcon.colcon_core.plugin_system:Skipping extension 'colcon_core.shell.bat': Not used on non-Windows systems
[0.197s] INFO:colcon.colcon_core.shell:Skip shell extension 'powershell' for command environment: Not usable outside of PowerShell
[0.197s] DEBUG:colcon.colcon_core.shell:Skip shell extension 'dsv' for command environment
[0.203s] DEBUG:colcon.colcon_core.event_handler.log_command:Invoking command in '/home/subin/slam/EKF_SLAM/build/ekf_slam': CMAKE_PREFIX_PATH=${CMAKE_PREFIX_PATH}:/home/subin/f1tenth_ws/install/f1tenth_gym_ros:/opt/ros/humble /usr/bin/cmake /home/subin/slam/EKF_SLAM -DAMENT_CMAKE_SYMLINK_INSTALL=1 -DCMAKE_INSTALL_PREFIX=/home/subin/slam/EKF_SLAM/install/ekf_slam
[1.167s] DEBUG:colcon.colcon_core.event_handler.log_command:Invoked command in '/home/subin/slam/EKF_SLAM/build/ekf_slam' returned '0': CMAKE_PREFIX_PATH=${CMAKE_PREFIX_PATH}:/home/subin/f1tenth_ws/install/f1tenth_gym_ros:/opt/ros/humble /usr/bin/cmake /home/subin/slam/EKF_SLAM -DAMENT_CMAKE_SYMLINK_INSTALL=1 -DCMAKE_INSTALL_PREFIX=/home/subin/slam/EKF_SLAM/install/ekf_slam
[1.168s] DEBUG:colcon.colcon_core.event_handler.log_command:Invoking command in '/home/subin/slam/EKF_SLAM/build/ekf_slam': CMAKE_PREFIX_PATH=${CMAKE_PREFIX_PATH}:/home/subin/f1tenth_ws/install/f1tenth_gym_ros:/opt/ros/humble /usr/bin/cmake --build /home/subin/slam/EKF_SLAM/build/ekf_slam -- -j4 -l4
[17.446s] DEBUG:colcon.colcon_core.event_handler.log_command:Invoked command in '/home/subin/slam/EKF_SLAM/build/ekf_slam' returned '0': CMAKE_PREFIX_PATH=${CMAKE_PREFIX_PATH}:/home/subin/f1tenth_ws/install/f1tenth_gym_ros:/opt/ros/humble /usr/bin/cmake --build /home/subin/slam/EKF_SLAM/build/ekf_slam -- -j4 -l4
[17.453s] DEBUG:colcon.colcon_core.event_handler.log_command:Invoking command in '/home/subin/slam/EKF_SLAM/build/ekf_slam': CMAKE_PREFIX_PATH=${CMAKE_PREFIX_PATH}:/home/subin/f1tenth_ws/install/f1tenth_gym_ros:/opt/ros/humble /usr/bin/cmake --install /home/subin/slam/EKF_SLAM/build/ekf_slam
[17.562s] Level 1:colcon.colcon_core.environment:create_environment_scripts_only(ekf_slam)
[17.563s] DEBUG:colcon.colcon_core.event_handler.log_command:Invoked command in '/home/subin/slam/EKF_SLAM/build/ekf_slam' returned '0': CMAKE_PREFIX_PATH=${CMAKE_PREFIX_PATH}:/home/subin/f1tenth_ws/install/f1tenth_gym_ros:/opt/ros/humble /usr/bin/cmake --install /home/subin/slam/EKF_SLAM/build/ekf_slam
[17.564s] Level 1:colcon.colcon_core.environment:checking '/home/subin/slam/EKF_SLAM/install/ekf_slam' for CMake module files
[17.565s] Level 1:colcon.colcon_core.environment:checking '/home/subin/slam/EKF_SLAM/install/ekf_slam' for CMake config files
[17.565s] Level 1:colcon.colcon_core.shell:create_environment_hook('ekf_slam', 'cmake_prefix_path')
[17.565s] INFO:colcon.colcon_core.shell:Creating environment hook '/home/subin/slam/EKF_SLAM/install/ekf_slam/share/ekf_slam/hook/cmake_prefix_path.ps1'
[17.566s] INFO:colcon.colcon_core.shell:Creating environment descriptor '/home/subin/slam/EKF_SLAM/install/ekf_slam/share/ekf_slam/hook/cmake_prefix_path.dsv'
[17.566s] INFO:colcon.colcon_core.shell:Creating environment hook '/home/subin/slam/EKF_SLAM/install/ekf_slam/share/ekf_slam/hook/cmake_prefix_path.sh'
[17.567s] Level 1:colcon.colcon_core.environment:checking '/home/subin/slam/EKF_SLAM/install/ekf_slam/lib'
[17.567s] Level 1:colcon.colcon_core.environment:checking '/home/subin/slam/EKF_SLAM/install/ekf_slam/bin'
[17.567s] Level 1:colcon.colcon_core.environment:checking '/home/subin/slam/EKF_SLAM/install/ekf_slam/lib/pkgconfig/ekf_slam.pc'
[17.569s] Level 1:colcon.colcon_core.environment:checking '/home/subin/slam/EKF_SLAM/install/ekf_slam/lib/python3.10/site-packages'
[17.569s] Level 1:colcon.colcon_core.environment:checking '/home/subin/slam/EKF_SLAM/install/ekf_slam/bin'
[17.570s] INFO:colcon.colcon_core.shell:Creating package script '/home/subin/slam/EKF_SLAM/install/ekf_slam/share/ekf_slam/package.ps1'
[17.570s] INFO:colcon.colcon_core.shell:Creating package descriptor '/home/subin/slam/EKF_SLAM/install/ekf_slam/share/ekf_slam/package.dsv'
[17.571s] INFO:colcon.colcon_core.shell:Creating package script '/home/subin/slam/EKF_SLAM/install/ekf_slam/share/ekf_slam/package.sh'
[17.571s] INFO:colcon.colcon_core.shell:Creating package script '/home/subin/slam/EKF_SLAM/install/ekf_slam/share/ekf_slam/package.bash'
[17.572s] INFO:colcon.colcon_core.shell:Creating package script '/home/subin/slam/EKF_SLAM/install/ekf_slam/share/ekf_slam/package.zsh'
[17.572s] Level 1:colcon.colcon_core.environment:create_file_with_runtime_dependencies(/home/subin/slam/EKF_SLAM/install/ekf_slam/share/colcon-core/packages/ekf_slam)
[17.574s] Level 1:colcon.colcon_core.environment:create_environment_scripts_only(ekf_slam)
[17.574s] Level 1:colcon.colcon_core.environment:checking '/home/subin/slam/EKF_SLAM/install/ekf_slam' for CMake module files
[17.574s] Level 1:colcon.colcon_core.environment:checking '/home/subin/slam/EKF_SLAM/install/ekf_slam' for CMake config files
[17.574s] Level 1:colcon.colcon_core.shell:create_environment_hook('ekf_slam', 'cmake_prefix_path')
[17.574s] INFO:colcon.colcon_core.shell:Creating environment hook '/home/subin/slam/EKF_SLAM/install/ekf_slam/share/ekf_slam/hook/cmake_prefix_path.ps1'
[17.574s] INFO:colcon.colcon_core.shell:Creating environment descriptor '/home/subin/slam/EKF_SLAM/install/ekf_slam/share/ekf_slam/hook/cmake_prefix_path.dsv'
[17.575s] INFO:colcon.colcon_core.shell:Creating environment hook '/home/subin/slam/EKF_SLAM/install/ekf_slam/share/ekf_slam/hook/cmake_prefix_path.sh'
[17.576s] Level 1:colcon.colcon_core.environment:checking '/home/subin/slam/EKF_SLAM/install/ekf_slam/lib'
[17.576s] Level 1:colcon.colcon_core.environment:checking '/home/subin/slam/EKF_SLAM/install/ekf_slam/bin'
[17.576s] Level 1:colcon.colcon_core.environment:checking '/home/subin/slam/EKF_SLAM/install/ekf_slam/lib/pkgconfig/ekf_slam.pc'
[17.576s] Level 1:colcon.colcon_core.environment:checking '/home/subin/slam/EKF_SLAM/install/ekf_slam/lib/python3.10/site-packages'
[17.576s] Level 1:colcon.colcon_core.environment:checking '/home/subin/slam/EKF_SLAM/install/ekf_slam/bin'
[17.576s] INFO:colcon.colcon_core.shell:Creating package script '/home/subin/slam/EKF_SLAM/install/ekf_slam/share/ekf_slam/package.ps1'
[17.576s] INFO:colcon.colcon_core.shell:Creating package descriptor '/home/subin/slam/EKF_SLAM/install/ekf_slam/share/ekf_slam/package.dsv'
[17.577s] INFO:colcon.colcon_core.shell:Creating package script '/home/subin/slam/EKF_SLAM/install/ekf_slam/share/ekf_slam/package.sh'
[17.577s] INFO:colcon.colcon_core.shell:Creating package script '/home/subin/slam/EKF_SLAM/install/ekf_slam/share/ekf_slam/package.bash'
[17.577s] INFO:colcon.colcon_core.shell:Creating package script '/home/subin/slam/EKF_SLAM/install/ekf_slam/share/ekf_slam/package.zsh'
[17.577s] Level 1:colcon.colcon_core.environment:create_file_with_runtime_dependencies(/home/subin/slam/EKF_SLAM/install/ekf_slam/share/colcon-core/packages/ekf_slam)
[17.578s] DEBUG:colcon.colcon_parallel_executor.executor.parallel:closing loop
[17.578s] DEBUG:colcon.colcon_parallel_executor.executor.parallel:loop closed
[17.578s] DEBUG:colcon.colcon_parallel_executor.executor.parallel:run_until_complete finished with '0'
[17.578s] DEBUG:colcon.colcon_core.event_reactor:joining thread
[17.582s] INFO:colcon.colcon_core.plugin_system:Skipping extension 'colcon_notification.desktop_notification.terminal_notifier': Not used on non-Darwin systems
[17.582s] INFO:colcon.colcon_core.plugin_system:Skipping extension 'colcon_notification.desktop_notification.win32': Not used on non-Windows systems
[17.582s] INFO:colcon.colcon_notification.desktop_notification:Sending desktop notification using 'notify2'
[17.607s] DEBUG:colcon.colcon_core.event_reactor:joined thread
[17.607s] INFO:colcon.colcon_core.shell:Creating prefix script '/home/subin/slam/EKF_SLAM/install/local_setup.ps1'
[17.608s] INFO:colcon.colcon_core.shell:Creating prefix util module '/home/subin/slam/EKF_SLAM/install/_local_setup_util_ps1.py'
[17.609s] INFO:colcon.colcon_core.shell:Creating prefix chain script '/home/subin/slam/EKF_SLAM/install/setup.ps1'
[17.610s] INFO:colcon.colcon_core.shell:Creating prefix script '/home/subin/slam/EKF_SLAM/install/local_setup.sh'
[17.610s] INFO:colcon.colcon_core.shell:Creating prefix util module '/home/subin/slam/EKF_SLAM/install/_local_setup_util_sh.py'
[17.611s] INFO:colcon.colcon_core.shell:Creating prefix chain script '/home/subin/slam/EKF_SLAM/install/setup.sh'
[17.611s] INFO:colcon.colcon_core.shell:Creating prefix script '/home/subin/slam/EKF_SLAM/install/local_setup.bash'
[17.611s] INFO:colcon.colcon_core.shell:Creating prefix chain script '/home/subin/slam/EKF_SLAM/install/setup.bash'
[17.612s] INFO:colcon.colcon_core.shell:Creating prefix script '/home/subin/slam/EKF_SLAM/install/local_setup.zsh'
[17.613s] INFO:colcon.colcon_core.shell:Creating prefix chain script '/home/subin/slam/EKF_SLAM/install/setup.zsh'
