-- The C compiler identification is GNU 11.4.0
-- The CXX compiler identification is GNU 11.4.0
-- Detecting C compiler ABI info
-- Detecting C compiler ABI info - done
-- Check for working C compiler: /usr/bin/cc - skipped
-- Detecting C compile features
-- Detecting C compile features - done
-- Detecting CXX compiler ABI info
-- Detecting CXX compiler ABI info - done
-- Check for working CXX compiler: /usr/bin/c++ - skipped
-- Detecting CXX compile features
-- Detecting CXX compile features - done
-- Found ament_cmake: 1.3.12 (/opt/ros/humble/share/ament_cmake/cmake)
-- Found Python3: /usr/bin/python3 (found version "3.10.12") found components: Interpreter 
-- Override CMake install command with custom implementation using symlinks instead of copying resources
-- Found rclcpp: 16.0.14 (/opt/ros/humble/share/rclcpp/cmake)
-- Found rosidl_generator_c: 3.1.7 (/opt/ros/humble/share/rosidl_generator_c/cmake)
-- Found rosidl_adapter: 3.1.7 (/opt/ros/humble/share/rosidl_adapter/cmake)
-- Found rosidl_generator_cpp: 3.1.7 (/opt/ros/humble/share/rosidl_generator_cpp/cmake)
-- Using all available rosidl_typesupport_c: rosidl_typesupport_fastrtps_c;rosidl_typesupport_introspection_c
-- Using all available rosidl_typesupport_cpp: rosidl_typesupport_fastrtps_cpp;rosidl_typesupport_introspection_cpp
-- Found rmw_implementation_cmake: 6.1.2 (/opt/ros/humble/share/rmw_implementation_cmake/cmake)
-- Found rmw_fastrtps_cpp: 6.2.8 (/opt/ros/humble/share/rmw_fastrtps_cpp/cmake)
-- Found OpenSSL: /usr/lib/aarch64-linux-gnu/libcrypto.so (found version "3.0.2")  
-- Found FastRTPS: /opt/ros/humble/include  
-- Using RMW implementation 'rmw_fastrtps_cpp' as default
-- Looking for pthread.h
-- Looking for pthread.h - found
-- Performing Test CMAKE_HAVE_LIBC_PTHREAD
-- Performing Test CMAKE_HAVE_LIBC_PTHREAD - Success
-- Found Threads: TRUE  
-- Found rclcpp_components: 16.0.14 (/opt/ros/humble/share/rclcpp_components/cmake)
-- Found sensor_msgs: 4.9.0 (/opt/ros/humble/share/sensor_msgs/cmake)
-- Found nav_msgs: 4.9.0 (/opt/ros/humble/share/nav_msgs/cmake)
-- Found visualization_msgs: 4.9.0 (/opt/ros/humble/share/visualization_msgs/cmake)
-- Found ackermann_msgs: 2.0.2 (/opt/ros/humble/share/ackermann_msgs/cmake)
-- Found tf2: 0.25.15 (/opt/ros/humble/share/tf2/cmake)
-- Found tf2_ros: 0.25.15 (/opt/ros/humble/share/tf2_ros/cmake)
-- Found tf2_geometry_msgs: 0.25.15 (/opt/ros/humble/share/tf2_geometry_msgs/cmake)
-- Found eigen3_cmake_module: 0.1.1 (/opt/ros/humble/share/eigen3_cmake_module/cmake)
-- Found Eigen3: TRUE (found version "3.4.0") 
-- Ensuring Eigen3 include directory is part of orocos-kdl CMake target
-- Found ament_lint_auto: 0.12.14 (/opt/ros/humble/share/ament_lint_auto/cmake)
-- Found ament_cmake_gtest: 1.3.12 (/opt/ros/humble/share/ament_cmake_gtest/cmake)
-- Found gtest sources under '/opt/ros/humble/src/gtest_vendor': C++ tests using 'Google Test' will be built
-- Added test 'copyright' to check source files copyright and LICENSE
-- Added test 'cppcheck' to perform static code analysis on C / C++ code
-- Configured cppcheck include dirs: $<BUILD_INTERFACE:/home/subin/slam/EKF_SLAM/include>
-- Configured cppcheck exclude dirs and/or files: 
-- Added test 'cpplint' to check C / C++ code against the Google style
-- Configured cpplint exclude dirs and/or files: 
-- Added test 'flake8' to check Python code syntax and style conventions
-- Added test 'lint_cmake' to check CMake code style
-- Added test 'pep257' to check Python code against some of the docstring style conventions in PEP 257
-- Added test 'uncrustify' to check C / C++ code style
-- Configured uncrustify additional arguments: 
-- Added test 'xmllint' to check XML markup files
-- Configuring done
-- Generating done
-- Build files have been written to: /home/subin/slam/EKF_SLAM/build/ekf_slam
[  7%] [32mBuilding CXX object gtest/CMakeFiles/gtest.dir/src/gtest-all.cc.o[0m
[ 15%] [32mBuilding CXX object CMakeFiles/ekf_slam_lib.dir/src/core/slam_system.cpp.o[0m
[ 23%] [32mBuilding CXX object gtest/CMakeFiles/gtest_main.dir/src/gtest_main.cc.o[0m
[ 30%] [32mBuilding CXX object CMakeFiles/ekf_slam_lib.dir/src/preprocessing/laser_processor.cpp.o[0m
[ 38%] [32m[1mLinking CXX static library libgtest_main.a[0m
[ 38%] Built target gtest_main
[ 46%] [32mBuilding CXX object CMakeFiles/ekf_slam_lib.dir/src/association/data_association.cpp.o[0m
[ 53%] [32m[1mLinking CXX static library libgtest.a[0m
[ 53%] Built target gtest
[ 61%] [32mBuilding CXX object CMakeFiles/ekf_slam_lib.dir/src/mapping/occupancy_mapper.cpp.o[0m
[ 69%] [32m[1mLinking CXX static library libekf_slam_lib.a[0m
[ 69%] Built target ekf_slam_lib
[ 84%] [32mBuilding CXX object CMakeFiles/slam_node.dir/src/core/slam_node.cpp.o[0m
[ 76%] [32mBuilding CXX object CMakeFiles/test_ekf_core.dir/test/unit_tests/test_ekf_core.cpp.o[0m
[ 92%] [32m[1mLinking CXX executable test_ekf_core[0m
[ 92%] Built target test_ekf_core
[100%] [32m[1mLinking CXX executable slam_node[0m
[100%] Built target slam_node
-- Install configuration: ""
-- Execute custom install script
-- Symlinking: /home/subin/slam/EKF_SLAM/install/ekf_slam/lib/ekf_slam/slam_node
-- Symlinking: /home/subin/slam/EKF_SLAM/install/ekf_slam/include//association/data_association.hpp
-- Symlinking: /home/subin/slam/EKF_SLAM/install/ekf_slam/include//core/slam_node.hpp
-- Symlinking: /home/subin/slam/EKF_SLAM/install/ekf_slam/include//core/slam_system.hpp
-- Symlinking: /home/subin/slam/EKF_SLAM/install/ekf_slam/include//mapping/occupancy_mapper.hpp
-- Symlinking: /home/subin/slam/EKF_SLAM/install/ekf_slam/include//preprocessing/laser_processor.hpp
-- Symlinking: /home/subin/slam/EKF_SLAM/install/ekf_slam/include//utils/geometry_utils.hpp
-- Symlinking: /home/subin/slam/EKF_SLAM/install/ekf_slam/include//utils/jacobian_utils.hpp
-- Symlinking: /home/subin/slam/EKF_SLAM/install/ekf_slam/include//utils/math_utils.hpp
-- Symlinking: /home/subin/slam/EKF_SLAM/install/ekf_slam/include//utils/matrix_utils.hpp
-- Symlinking: /home/subin/slam/EKF_SLAM/install/ekf_slam/share/ekf_slam/launch//slam_launch.py
-- Symlinking: /home/subin/slam/EKF_SLAM/install/ekf_slam/share/ekf_slam/config//slam_params.yaml
-- Symlinking: /home/subin/slam/EKF_SLAM/install/ekf_slam/share/ekf_slam/environment/library_path.sh
-- Symlinking: /home/subin/slam/EKF_SLAM/install/ekf_slam/share/ekf_slam/environment/library_path.dsv
-- Symlinking: /home/subin/slam/EKF_SLAM/install/ekf_slam/share/ament_index/resource_index/package_run_dependencies/ekf_slam
-- Symlinking: /home/subin/slam/EKF_SLAM/install/ekf_slam/share/ament_index/resource_index/parent_prefix_path/ekf_slam
-- Symlinking: /home/subin/slam/EKF_SLAM/install/ekf_slam/share/ekf_slam/environment/ament_prefix_path.sh
-- Symlinking: /home/subin/slam/EKF_SLAM/install/ekf_slam/share/ekf_slam/environment/ament_prefix_path.dsv
-- Symlinking: /home/subin/slam/EKF_SLAM/install/ekf_slam/share/ekf_slam/environment/path.sh
-- Symlinking: /home/subin/slam/EKF_SLAM/install/ekf_slam/share/ekf_slam/environment/path.dsv
-- Symlinking: /home/subin/slam/EKF_SLAM/install/ekf_slam/share/ekf_slam/local_setup.bash
-- Symlinking: /home/subin/slam/EKF_SLAM/install/ekf_slam/share/ekf_slam/local_setup.sh
-- Symlinking: /home/subin/slam/EKF_SLAM/install/ekf_slam/share/ekf_slam/local_setup.zsh
-- Symlinking: /home/subin/slam/EKF_SLAM/install/ekf_slam/share/ekf_slam/local_setup.dsv
-- Symlinking: /home/subin/slam/EKF_SLAM/install/ekf_slam/share/ekf_slam/package.dsv
-- Symlinking: /home/subin/slam/EKF_SLAM/install/ekf_slam/share/ament_index/resource_index/packages/ekf_slam
-- Symlinking: /home/subin/slam/EKF_SLAM/install/ekf_slam/share/ekf_slam/cmake/ament_cmake_export_targets-extras.cmake
-- Symlinking: /home/subin/slam/EKF_SLAM/install/ekf_slam/share/ekf_slam/cmake/ament_cmake_export_dependencies-extras.cmake
-- Symlinking: /home/subin/slam/EKF_SLAM/install/ekf_slam/share/ekf_slam/cmake/ekf_slamConfig.cmake
-- Symlinking: /home/subin/slam/EKF_SLAM/install/ekf_slam/share/ekf_slam/cmake/ekf_slamConfig-version.cmake
-- Symlinking: /home/subin/slam/EKF_SLAM/install/ekf_slam/share/ekf_slam/package.xml
-- Installing: /home/subin/slam/EKF_SLAM/install/ekf_slam/lib/libekf_slam_lib.a
-- Installing: /home/subin/slam/EKF_SLAM/install/ekf_slam/share/ekf_slam/cmake/export_ekf_slamExport.cmake
-- Installing: /home/subin/slam/EKF_SLAM/install/ekf_slam/share/ekf_slam/cmake/export_ekf_slamExport-noconfig.cmake
